# JRE version: OpenJDK Runtime Environment GraalVM CE 22.3.0 (17.0.5+8) (build 17.0.5+8-jvmci-22.3-b08)
# Java VM: OpenJDK 64-Bit Server VM GraalVM CE 22.3.0 (17.0.5+8-jvmci-22.3-b08, mixed mode, sharing, tiered, jvmci, jvmci compiler, compressed oops, compressed class ptrs, parallel gc, linux-amd64)
GC Precious Log:
 CPUs: 8 total, 1 available
 Memory: 1024M
 Large Page Support: Disabled
 NUMA Support: Disabled
 Compressed Oops: Enabled (32-bit)
 Alignments: Space 512K, Generation 512K, Heap 2M
 Heap Min Capacity: 100M
 Heap Initial Capacity: 100M
 Heap Max Capacity: 512M
 Pre-touch: Disabled
 Parallel Workers: 1
Heap:
 PSYoungGen      total 9216K, used 3820K [0x00000000f5580000, 0x00000000f6780000, 0x0000000100000000)
  eden space 7680K, 29% used [0x00000000f5580000,0x00000000f57bf780,0x00000000f5d00000)
  from space 1536K, 98% used [0x00000000f5d00000,0x00000000f5e7ba30,0x00000000f5e80000)
  to   space 4608K, 0% used [0x00000000f6300000,0x00000000f6300000,0x00000000f6780000)
 ParOldGen       total 118272K, used 87079K [0x00000000e0000000, 0x00000000e7380000, 0x00000000f5580000)
  object space 118272K, 73% used [0x00000000e0000000,0x00000000e5509d70,0x00000000e7380000)
 Metaspace       used 67025K, committed 67968K, reserved 1114112K
  class space    used 5976K, committed 6336K, reserved 1048576K
GC Heap History (20 events):
Event: 817.883 GC heap before
{Heap before GC invocations=370 (full 24):
 PSYoungGen      total 3584K, used 3367K [0x00000000f5580000, 0x00000000f5a80000, 0x0000000100000000)
  eden space 2560K, 100% used [0x00000000f5580000,0x00000000f5800000,0x00000000f5800000)
  from space 1024K, 78% used [0x00000000f5800000,0x00000000f58c9ec8,0x00000000f5900000)
  to   space 1024K, 0% used [0x00000000f5980000,0x00000000f5980000,0x00000000f5a80000)
 ParOldGen       total 113152K, used 105850K [0x00000000e0000000, 0x00000000e6e80000, 0x00000000f5580000)
  object space 113152K, 93% used [0x00000000e0000000,0x00000000e675ebc0,0x00000000e6e80000)
 Metaspace       used 66928K, committed 67840K, reserved 1114112K
  class space    used 5975K, committed 6336K, reserved 1048576K
}
Event: 817.921 GC heap after
{Heap after GC invocations=370 (full 24):
 PSYoungGen      total 4096K, used 664K [0x00000000f5580000, 0x00000000f5a80000, 0x0000000100000000)
  eden space 3072K, 0% used [0x00000000f5580000,0x00000000f5580000,0x00000000f5880000)
  from space 1024K, 64% used [0x00000000f5980000,0x00000000f5a26188,0x00000000f5a80000)
  to   space 1024K, 0% used [0x00000000f5880000,0x00000000f5880000,0x00000000f5980000)
 ParOldGen       total 113152K, used 106648K [0x00000000e0000000, 0x00000000e6e80000, 0x00000000f5580000)
  object space 113152K, 94% used [0x00000000e0000000,0x00000000e6826248,0x00000000e6e80000)
 Metaspace       used 66928K, committed 67840K, reserved 1114112K
  class space    used 5975K, committed 6336K, reserved 1048576K
}
Event: 817.939 GC heap before
{Heap before GC invocations=371 (full 24):
 PSYoungGen      total 4096K, used 3736K [0x00000000f5580000, 0x00000000f5a80000, 0x0000000100000000)
  eden space 3072K, 100% used [0x00000000f5580000,0x00000000f5880000,0x00000000f5880000)
  from space 1024K, 64% used [0x00000000f5980000,0x00000000f5a26188,0x00000000f5a80000)
  to   space 1024K, 0% used [0x00000000f5880000,0x00000000f5880000,0x00000000f5980000)
 ParOldGen       total 113152K, used 106648K [0x00000000e0000000, 0x00000000e6e80000, 0x00000000f5580000)
  object space 113152K, 94% used [0x00000000e0000000,0x00000000e6826248,0x00000000e6e80000)
 Metaspace       used 66928K, committed 67840K, reserved 1114112K
  class space    used 5975K, committed 6336K, reserved 1048576K
}
Event: 817.990 GC heap after
{Heap after GC invocations=371 (full 24):
 PSYoungGen      total 4096K, used 1002K [0x00000000f5580000, 0x00000000f5f80000, 0x0000000100000000)
  eden space 3072K, 0% used [0x00000000f5580000,0x00000000f5580000,0x00000000f5880000)
  from space 1024K, 97% used [0x00000000f5880000,0x00000000f597a8c8,0x00000000f5980000)
  to   space 3072K, 0% used [0x00000000f5c80000,0x00000000f5c80000,0x00000000f5f80000)
 ParOldGen       total 113152K, used 108210K [0x00000000e0000000, 0x00000000e6e80000, 0x00000000f5580000)
  object space 113152K, 95% used [0x00000000e0000000,0x00000000e69ac830,0x00000000e6e80000)
 Metaspace       used 66928K, committed 67840K, reserved 1114112K
  class space    used 5975K, committed 6336K, reserved 1048576K
}
Event: 818.021 GC heap before
{Heap before GC invocations=372 (full 24):
 PSYoungGen      total 4096K, used 4074K [0x00000000f5580000, 0x00000000f5f80000, 0x0000000100000000)
  eden space 3072K, 100% used [0x00000000f5580000,0x00000000f5880000,0x00000000f5880000)
  from space 1024K, 97% used [0x00000000f5880000,0x00000000f597a8c8,0x00000000f5980000)
  to   space 3072K, 0% used [0x00000000f5c80000,0x00000000f5c80000,0x00000000f5f80000)
 ParOldGen       total 113152K, used 108210K [0x00000000e0000000, 0x00000000e6e80000, 0x00000000f5580000)
  object space 113152K, 95% used [0x00000000e0000000,0x00000000e69ac830,0x00000000e6e80000)
 Metaspace       used 66935K, committed 67840K, reserved 1114112K
  class space    used 5975K, committed 6336K, reserved 1048576K
}
Event: 818.089 GC heap after
{Heap after GC invocations=372 (full 24):
 PSYoungGen      total 6144K, used 1874K [0x00000000f5580000, 0x00000000f5e80000, 0x0000000100000000)
  eden space 4096K, 0% used [0x00000000f5580000,0x00000000f5580000,0x00000000f5980000)
  from space 2048K, 91% used [0x00000000f5c80000,0x00000000f5e548c8,0x00000000f5e80000)
  to   space 2560K, 0% used [0x00000000f5980000,0x00000000f5980000,0x00000000f5c00000)
 ParOldGen       total 113152K, used 109218K [0x00000000e0000000, 0x00000000e6e80000, 0x00000000f5580000)
  object space 113152K, 96% used [0x00000000e0000000,0x00000000e6aa8a10,0x00000000e6e80000)
 Metaspace       used 66935K, committed 67840K, reserved 1114112K
  class space    used 5975K, committed 6336K, reserved 1048576K
}
Event: 818.124 GC heap before
{Heap before GC invocations=373 (full 24):
 PSYoungGen      total 6144K, used 5970K [0x00000000f5580000, 0x00000000f5e80000, 0x0000000100000000)
  eden space 4096K, 100% used [0x00000000f5580000,0x00000000f5980000,0x00000000f5980000)
  from space 2048K, 91% used [0x00000000f5c80000,0x00000000f5e548c8,0x00000000f5e80000)
  to   space 2560K, 0% used [0x00000000f5980000,0x00000000f5980000,0x00000000f5c00000)
 ParOldGen       total 113152K, used 109218K [0x00000000e0000000, 0x00000000e6e80000, 0x00000000f5580000)
  object space 113152K, 96% used [0x00000000e0000000,0x00000000e6aa8a10,0x00000000e6e80000)
 Metaspace       used 66936K, committed 67840K, reserved 1114112K
  class space    used 5975K, committed 6336K, reserved 1048576K
}
Event: 818.146 GC heap after
{Heap after GC invocations=373 (full 24):
 PSYoungGen      total 6656K, used 2008K [0x00000000f5580000, 0x00000000f5e80000, 0x0000000100000000)
  eden space 4096K, 0% used [0x00000000f5580000,0x00000000f5580000,0x00000000f5980000)
  from space 2560K, 78% used [0x00000000f5980000,0x00000000f5b76268,0x00000000f5c00000)
  to   space 2048K, 0% used [0x00000000f5c80000,0x00000000f5c80000,0x00000000f5e80000)
 ParOldGen       total 113152K, used 110708K [0x00000000e0000000, 0x00000000e6e80000, 0x00000000f5580000)
  object space 113152K, 97% used [0x00000000e0000000,0x00000000e6c1d278,0x00000000e6e80000)
 Metaspace       used 66936K, committed 67840K, reserved 1114112K
  class space    used 5975K, committed 6336K, reserved 1048576K
}
Event: 818.221 GC heap before
{Heap before GC invocations=374 (full 24):
 PSYoungGen      total 6656K, used 6104K [0x00000000f5580000, 0x00000000f5e80000, 0x0000000100000000)
  eden space 4096K, 100% used [0x00000000f5580000,0x00000000f5980000,0x00000000f5980000)
  from space 2560K, 78% used [0x00000000f5980000,0x00000000f5b76268,0x00000000f5c00000)
  to   space 2048K, 0% used [0x00000000f5c80000,0x00000000f5c80000,0x00000000f5e80000)
 ParOldGen       total 113152K, used 110708K [0x00000000e0000000, 0x00000000e6e80000, 0x00000000f5580000)
  object space 113152K, 97% used [0x00000000e0000000,0x00000000e6c1d278,0x00000000e6e80000)
 Metaspace       used 66936K, committed 67840K, reserved 1114112K
  class space    used 5975K, committed 6336K, reserved 1048576K
}
Event: 818.239 GC heap after
{Heap after GC invocations=374 (full 24):
 PSYoungGen      total 7168K, used 1472K [0x00000000f5580000, 0x00000000f5e80000, 0x0000000100000000)
  eden space 5120K, 0% used [0x00000000f5580000,0x00000000f5580000,0x00000000f5a80000)
  from space 2048K, 71% used [0x00000000f5c80000,0x00000000f5df03c8,0x00000000f5e80000)
  to   space 2048K, 0% used [0x00000000f5a80000,0x00000000f5a80000,0x00000000f5c80000)
 ParOldGen       total 113152K, used 112532K [0x00000000e0000000, 0x00000000e6e80000, 0x00000000f5580000)
  object space 113152K, 99% used [0x00000000e0000000,0x00000000e6de52f8,0x00000000e6e80000)
 Metaspace       used 66936K, committed 67840K, reserved 1114112K
  class space    used 5975K, committed 6336K, reserved 1048576K
}
Event: 818.239 GC heap before
{Heap before GC invocations=375 (full 25):
 PSYoungGen      total 7168K, used 1472K [0x00000000f5580000, 0x00000000f5e80000, 0x0000000100000000)
  eden space 5120K, 0% used [0x00000000f5580000,0x00000000f5580000,0x00000000f5a80000)
  from space 2048K, 71% used [0x00000000f5c80000,0x00000000f5df03c8,0x00000000f5e80000)
  to   space 2048K, 0% used [0x00000000f5a80000,0x00000000f5a80000,0x00000000f5c80000)
 ParOldGen       total 113152K, used 112532K [0x00000000e0000000, 0x00000000e6e80000, 0x00000000f5580000)
  object space 113152K, 99% used [0x00000000e0000000,0x00000000e6de52f8,0x00000000e6e80000)
 Metaspace       used 66936K, committed 67840K, reserved 1114112K
  class space    used 5975K, committed 6336K, reserved 1048576K
}
Event: 818.928 GC heap after
{Heap after GC invocations=375 (full 25):
 PSYoungGen      total 7168K, used 0K [0x00000000f5580000, 0x00000000f5f80000, 0x0000000100000000)
  eden space 5120K, 0% used [0x00000000f5580000,0x00000000f5580000,0x00000000f5a80000)
  from space 2048K, 0% used [0x00000000f5a80000,0x00000000f5a80000,0x00000000f5c80000)
  to   space 2048K, 0% used [0x00000000f5d80000,0x00000000f5d80000,0x00000000f5f80000)
 ParOldGen       total 118272K, used 82574K [0x00000000e0000000, 0x00000000e7380000, 0x00000000f5580000)
  object space 118272K, 69% used [0x00000000e0000000,0x00000000e50a3a50,0x00000000e7380000)
 Metaspace       used 66936K, committed 67840K, reserved 1114112K
  class space    used 5975K, committed 6336K, reserved 1048576K
}
Event: 819.023 GC heap before
{Heap before GC invocations=376 (full 25):
 PSYoungGen      total 7168K, used 5120K [0x00000000f5580000, 0x00000000f5f80000, 0x0000000100000000)
  eden space 5120K, 100% used [0x00000000f5580000,0x00000000f5a80000,0x00000000f5a80000)
  from space 2048K, 0% used [0x00000000f5a80000,0x00000000f5a80000,0x00000000f5c80000)
  to   space 2048K, 0% used [0x00000000f5d80000,0x00000000f5d80000,0x00000000f5f80000)
 ParOldGen       total 118272K, used 82574K [0x00000000e0000000, 0x00000000e7380000, 0x00000000f5580000)
  object space 118272K, 69% used [0x00000000e0000000,0x00000000e50a3a50,0x00000000e7380000)
 Metaspace       used 66936K, committed 67840K, reserved 1114112K
  class space    used 5975K, committed 6336K, reserved 1048576K
}
Event: 819.084 GC heap after
{Heap after GC invocations=376 (full 25):
 PSYoungGen      total 8192K, used 1785K [0x00000000f5580000, 0x00000000f5f80000, 0x0000000100000000)
  eden space 6144K, 0% used [0x00000000f5580000,0x00000000f5580000,0x00000000f5b80000)
  from space 2048K, 87% used [0x00000000f5d80000,0x00000000f5f3e648,0x00000000f5f80000)
  to   space 2048K, 0% used [0x00000000f5b80000,0x00000000f5b80000,0x00000000f5d80000)
 ParOldGen       total 118272K, used 82574K [0x00000000e0000000, 0x00000000e7380000, 0x00000000f5580000)
  object space 118272K, 69% used [0x00000000e0000000,0x00000000e50a3a50,0x00000000e7380000)
 Metaspace       used 66936K, committed 67840K, reserved 1114112K
  class space    used 5975K, committed 6336K, reserved 1048576K
}
Event: 820.013 GC heap before
{Heap before GC invocations=377 (full 25):
 PSYoungGen      total 8192K, used 7929K [0x00000000f5580000, 0x00000000f5f80000, 0x0000000100000000)
  eden space 6144K, 99% used [0x00000000f5580000,0x00000000f5b7fff0,0x00000000f5b80000)
  from space 2048K, 87% used [0x00000000f5d80000,0x00000000f5f3e648,0x00000000f5f80000)
  to   space 2048K, 0% used [0x00000000f5b80000,0x00000000f5b80000,0x00000000f5d80000)
 ParOldGen       total 118272K, used 82574K [0x00000000e0000000, 0x00000000e7380000, 0x00000000f5580000)
  object space 118272K, 69% used [0x00000000e0000000,0x00000000e50a3a50,0x00000000e7380000)
 Metaspace       used 66940K, committed 67840K, reserved 1114112K
  class space    used 5975K, committed 6336K, reserved 1048576K
}
Event: 820.026 GC heap after
{Heap after GC invocations=377 (full 25):
 PSYoungGen      total 8192K, used 1128K [0x00000000f5580000, 0x00000000f6000000, 0x0000000100000000)
  eden space 6144K, 0% used [0x00000000f5580000,0x00000000f5580000,0x00000000f5b80000)
  from space 2048K, 55% used [0x00000000f5b80000,0x00000000f5c9a310,0x00000000f5d80000)
  to   space 1536K, 0% used [0x00000000f5e80000,0x00000000f5e80000,0x00000000f6000000)
 ParOldGen       total 118272K, used 84323K [0x00000000e0000000, 0x00000000e7380000, 0x00000000f5580000)
  object space 118272K, 71% used [0x00000000e0000000,0x00000000e5258d60,0x00000000e7380000)
 Metaspace       used 66940K, committed 67840K, reserved 1114112K
  class space    used 5975K, committed 6336K, reserved 1048576K
}
Event: 1030.764 GC heap before
{Heap before GC invocations=378 (full 25):
 PSYoungGen      total 8192K, used 7272K [0x00000000f5580000, 0x00000000f6000000, 0x0000000100000000)
  eden space 6144K, 100% used [0x00000000f5580000,0x00000000f5b80000,0x00000000f5b80000)
  from space 2048K, 55% used [0x00000000f5b80000,0x00000000f5c9a310,0x00000000f5d80000)
  to   space 1536K, 0% used [0x00000000f5e80000,0x00000000f5e80000,0x00000000f6000000)
 ParOldGen       total 118272K, used 84323K [0x00000000e0000000, 0x00000000e7380000, 0x00000000f5580000)
  object space 118272K, 71% used [0x00000000e0000000,0x00000000e5258d60,0x00000000e7380000)
 Metaspace       used 66968K, committed 67840K, reserved 1114112K
  class space    used 5975K, committed 6336K, reserved 1048576K
}
Event: 1030.778 GC heap after
{Heap after GC invocations=378 (full 25):
 PSYoungGen      total 9216K, used 1245K [0x00000000f5580000, 0x00000000f6000000, 0x0000000100000000)
  eden space 7680K, 0% used [0x00000000f5580000,0x00000000f5580000,0x00000000f5d00000)
  from space 1536K, 81% used [0x00000000f5e80000,0x00000000f5fb7460,0x00000000f6000000)
  to   space 1536K, 0% used [0x00000000f5d00000,0x00000000f5d00000,0x00000000f5e80000)
 ParOldGen       total 118272K, used 84889K [0x00000000e0000000, 0x00000000e7380000, 0x00000000f5580000)
  object space 118272K, 71% used [0x00000000e0000000,0x00000000e52e6580,0x00000000e7380000)
 Metaspace       used 66968K, committed 67840K, reserved 1114112K
  class space    used 5975K, committed 6336K, reserved 1048576K
}
Event: 1030.838 GC heap before
{Heap before GC invocations=379 (full 25):
 PSYoungGen      total 9216K, used 8925K [0x00000000f5580000, 0x00000000f6000000, 0x0000000100000000)
  eden space 7680K, 100% used [0x00000000f5580000,0x00000000f5d00000,0x00000000f5d00000)
  from space 1536K, 81% used [0x00000000f5e80000,0x00000000f5fb7460,0x00000000f6000000)
  to   space 1536K, 0% used [0x00000000f5d00000,0x00000000f5d00000,0x00000000f5e80000)
 ParOldGen       total 118272K, used 84889K [0x00000000e0000000, 0x00000000e7380000, 0x00000000f5580000)
  object space 118272K, 71% used [0x00000000e0000000,0x00000000e52e6580,0x00000000e7380000)
 Metaspace       used 66968K, committed 67840K, reserved 1114112K
  class space    used 5975K, committed 6336K, reserved 1048576K
}
Event: 1030.882 GC heap after
{Heap after GC invocations=379 (full 25):
 PSYoungGen      total 9216K, used 1518K [0x00000000f5580000, 0x00000000f6780000, 0x0000000100000000)
  eden space 7680K, 0% used [0x00000000f5580000,0x00000000f5580000,0x00000000f5d00000)
  from space 1536K, 98% used [0x00000000f5d00000,0x00000000f5e7ba30,0x00000000f5e80000)
  to   space 4608K, 0% used [0x00000000f6300000,0x00000000f6300000,0x00000000f6780000)
 ParOldGen       total 118272K, used 87079K [0x00000000e0000000, 0x00000000e7380000, 0x00000000f5580000)
  object space 118272K, 73% used [0x00000000e0000000,0x00000000e5509d70,0x00000000e7380000)
 Metaspace       used 66968K, committed 67840K, reserved 1114112K
  class space    used 5975K, committed 6336K, reserved 1048576K
}

